<?xml version="1.0" encoding="UTF-8"?>
<testng-results skipped="0" failed="1" total="1" passed="0">
  <reporter-output>
  </reporter-output>
  <suite name="QBE Form Tests" duration-ms="23534" started-at="2018-08-29T06:29:12Z" finished-at="2018-08-29T06:29:36Z">
    <groups>
    </groups>
    <test name="Smoke Tests" duration-ms="23534" started-at="2018-08-29T06:29:12Z" finished-at="2018-08-29T06:29:36Z">
      <class name="com.cognizant.qbe.SmokeTests.VehicleQuoteTests">
        <test-method status="PASS" signature="beforeTest()[pri:0, instance:com.cognizant.qbe.SmokeTests.VehicleQuoteTests@6767c1fc]" name="beforeTest" is-config="true" duration-ms="1459" started-at="2018-08-29T16:29:12Z" finished-at="2018-08-29T16:29:14Z">
          <reporter-output>
          </reporter-output>
        </test-method> <!-- beforeTest -->
        <test-method status="PASS" signature="beforeMethod(java.lang.reflect.Method)[pri:0, instance:com.cognizant.qbe.SmokeTests.VehicleQuoteTests@6767c1fc]" name="beforeMethod" is-config="true" duration-ms="13127" started-at="2018-08-29T16:29:14Z" finished-at="2018-08-29T16:29:27Z">
          <params>
            <param index="0">
              <value>
                <![CDATA[public void com.cognizant.qbe.SmokeTests.VehicleQuoteTests.form_submitted_with_empty_fields() throws java.lang.InterruptedException]]>
              </value>
            </param>
          </params>
          <reporter-output>
          </reporter-output>
        </test-method> <!-- beforeMethod -->
        <test-method status="FAIL" signature="form_submitted_with_empty_fields()[pri:0, instance:com.cognizant.qbe.SmokeTests.VehicleQuoteTests@6767c1fc]" name="form_submitted_with_empty_fields" duration-ms="8846" started-at="2018-08-29T16:29:27Z" finished-at="2018-08-29T16:29:36Z">
          <exception class="java.lang.AssertionError">
            <message>
              <![CDATA[
Expected: is <true>
     but: was <false>]]>
            </message>
            <full-stacktrace>
              <![CDATA[java.lang.AssertionError: 
Expected: is <true>
     but: was <false>
	at org.hamcrest.MatcherAssert.assertThat(MatcherAssert.java:20)
	at org.hamcrest.MatcherAssert.assertThat(MatcherAssert.java:8)
	at com.cognizant.qbe.SmokeTests.VehicleQuoteTests.form_submitted_with_empty_fields(VehicleQuoteTests.java:92)
	at sun.reflect.NativeMethodAccessorImpl.invoke0(Native Method)
	at sun.reflect.NativeMethodAccessorImpl.invoke(NativeMethodAccessorImpl.java:62)
	at sun.reflect.DelegatingMethodAccessorImpl.invoke(DelegatingMethodAccessorImpl.java:43)
	at java.lang.reflect.Method.invoke(Method.java:498)
	at org.testng.internal.MethodInvocationHelper.invokeMethod(MethodInvocationHelper.java:80)
	at org.testng.internal.Invoker.invokeMethod(Invoker.java:714)
	at org.testng.internal.Invoker.invokeTestMethod(Invoker.java:901)
	at org.testng.internal.Invoker.invokeTestMethods(Invoker.java:1231)
	at org.testng.internal.TestMethodWorker.invokeTestMethods(TestMethodWorker.java:127)
	at org.testng.internal.TestMethodWorker.run(TestMethodWorker.java:111)
	at org.testng.TestRunner.privateRun(TestRunner.java:767)
	at org.testng.TestRunner.run(TestRunner.java:617)
	at org.testng.SuiteRunner.runTest(SuiteRunner.java:334)
	at org.testng.SuiteRunner.runSequentially(SuiteRunner.java:329)
	at org.testng.SuiteRunner.privateRun(SuiteRunner.java:291)
	at org.testng.SuiteRunner.run(SuiteRunner.java:240)
	at org.testng.SuiteRunnerWorker.runSuite(SuiteRunnerWorker.java:52)
	at org.testng.SuiteRunnerWorker.run(SuiteRunnerWorker.java:86)
	at org.testng.TestNG.runSuitesSequentially(TestNG.java:1198)
	at org.testng.TestNG.runSuitesLocally(TestNG.java:1123)
	at org.testng.TestNG.run(TestNG.java:1031)
	at org.testng.remote.AbstractRemoteTestNG.run(AbstractRemoteTestNG.java:114)
	at org.testng.remote.RemoteTestNG.initAndRun(RemoteTestNG.java:251)
	at org.testng.remote.RemoteTestNG.main(RemoteTestNG.java:77)
]]>
            </full-stacktrace>
          </exception> <!-- java.lang.AssertionError -->
          <reporter-output>
          </reporter-output>
        </test-method> <!-- form_submitted_with_empty_fields -->
        <test-method status="PASS" signature="afterMethod()[pri:0, instance:com.cognizant.qbe.SmokeTests.VehicleQuoteTests@6767c1fc]" name="afterMethod" is-config="true" duration-ms="0" started-at="2018-08-29T16:29:36Z" finished-at="2018-08-29T16:29:36Z">
          <reporter-output>
          </reporter-output>
        </test-method> <!-- afterMethod -->
      </class> <!-- com.cognizant.qbe.SmokeTests.VehicleQuoteTests -->
    </test> <!-- Smoke Tests -->
  </suite> <!-- QBE Form Tests -->
</testng-results>
